#
# A fatal error has been detected by the Java Runtime Environment:
#
#  EXCEPTION_ACCESS_VIOLATION (0xc0000005) at pc=0x00007fff9ffb3004, pid=22172, tid=3232
#
# JRE version: OpenJDK Runtime Environment (24.0+36) (build 24+36-3646)
# Java VM: OpenJDK 64-Bit Server VM (24+36-3646, mixed mode, sharing, tiered, compressed oops, compressed class ptrs, g1 gc, windows-amd64)
# Problematic frame:
# C  [libasyncProfiler.dll+0x93004]
#
# No core dump will be written. Minidumps are not enabled by default on client versions of Windows
#
# If you would like to submit a bug report, please visit:
#   https://bugreport.java.com/bugreport/crash.jsp
# The crash happened outside the Java Virtual Machine in native code.
# See problematic frame for where to report the bug.
#

---------------  S U M M A R Y ------------

Command Line: -agentlib:jdwp=transport=dt_socket,address=127.0.0.1:61864,suspend=y,server=n -agentpath:C:\Users\rafik\AppData\Local\Temp\idea_libasyncProfiler_dll_temp_folder3\libasyncProfiler.dll=version,jfr,event=wall,interval=10ms,cstack=no,file=C:\Users\rafik\IdeaSnapshots\Zad1_2025_05_14_154118.jfr,dbghelppath=C:\Users\rafik\AppData\Local\Temp\idea_dbghelp_dll_temp_folder\dbghelp.dll,log=C:\Users\rafik\AppData\Local\Temp\Zad1_2025_05_14_154118.jfr.log.txt,logLevel=DEBUG -javaagent:C:\Users\rafik\AppData\Local\JetBrains\IntelliJIdea2024.3\captureAgent\debugger-agent.jar -Dkotlinx.coroutines.debug.enable.creation.stack.trace=false -Ddebugger.agent.enable.coroutines=true -Dkotlinx.coroutines.debug.enable.flows.stack.trace=true -Dkotlinx.coroutines.debug.enable.mutable.state.flows.stack.trace=true -Dfile.encoding=UTF-8 -Dsun.stdout.encoding=UTF-8 -Dsun.stderr.encoding=UTF-8 Lab8.Zad1

Host: 13th Gen Intel(R) Core(TM) i7-1365U, 12 cores, 15G,  Windows 11 , 64 bit Build 26100 (10.0.26100.3775)
Time: Wed May 14 15:41:32 2025  Windows 11 , 64 bit Build 26100 (10.0.26100.3775) elapsed time: 13.626709 seconds (0d 0h 0m 13s)

---------------  T H R E A D  ---------------

Current thread (0x000002385fbe1010):  JavaThread "Attach Listener" daemon [_thread_in_native, id=3232, stack(0x0000008937000000,0x0000008937100000) (1024K)]

Stack: [0x0000008937000000,0x0000008937100000],  sp=0x00000089370ff1c0,  free space=1020k
Native frames: (J=compiled Java code, j=interpreted, Vv=VM code, C=native code)
C  [libasyncProfiler.dll+0x93004]  (no source info available)
C  [libasyncProfiler.dll+0x934db]  (no source info available)
C  [libasyncProfiler.dll+0x92134]  (no source info available)
C  [libasyncProfiler.dll+0x929aa]  (no source info available)
C  [libasyncProfiler.dll+0x8d561]  (no source info available)
C  [libasyncProfiler.dll+0x7ef21]  (no source info available)
C  [libasyncProfiler.dll+0x7dc38]  (no source info available)
C  [libasyncProfiler.dll+0x7db20]  (no source info available)
C  [libasyncProfiler.dll+0x84af9]  (no source info available)
V  [jvm.dll+0x57f1b7]  (no source info available)
V  [jvm.dll+0x57ff2c]  (no source info available)
V  [jvm.dll+0x14c9b7]  (no source info available)
V  [jvm.dll+0x14df81]  (no source info available)
V  [jvm.dll+0x42f566]  (no source info available)
V  [jvm.dll+0x87d8fb]  (no source info available)
V  [jvm.dll+0x72efe5]  (no source info available)
C  [ucrtbase.dll+0x37b0]  (no source info available)
C  [KERNEL32.DLL+0x2e8d7]  (no source info available)
C  [ntdll.dll+0xb14fc]  (no source info available)


siginfo: EXCEPTION_ACCESS_VIOLATION (0xc0000005), reading address 0xffffffffffffffff


Registers:
RAX=0x0000000000000010, RBX=0x0000000000000000, RCX=0xffffffffffffffff, RDX=0x007fff99b52ff010
RSP=0x00000089370ff1c0, RBP=0x000002385fbeee58, RSI=0x00000089370ff330, RDI=0x000002385fbeee58
R8 =0x0000000000000042, R9 =0x0000000715001ee8, R10=0x00007fff99dc9fc0, R11=0x000000000000008c
R12=0x00000089370ff330, R13=0x000002385dbbb670, R14=0x000002385fbe13d8, R15=0x000002385fbe13d8
RIP=0x00007fff9ffb3004, EFLAGS=0x0000000000010202

XMM[0]=0x0000000000000000 0x0000000000000000
XMM[1]=0x0000000000000000 0x0000000000000000
XMM[2]=0x0000000000000000 0x0000000000000000
XMM[3]=0x0000000000000000 0x0000000000000000
XMM[4]=0x0000000000000000 0x0000000000000000
XMM[5]=0x0000000000000000 0x0000000000000000
XMM[6]=0x0000000000000000 0x0000000000000000
XMM[7]=0x0000000000000000 0x0000000000000000
XMM[8]=0x0000000000000000 0x0000000000000000
XMM[9]=0x0000000000000000 0x0000000000000000
XMM[10]=0x0000000000000000 0x0000000000000000
XMM[11]=0x0000000000000000 0x0000000000000000
XMM[12]=0x0000000000000000 0x0000000000000000
XMM[13]=0x0000000000000000 0x0000000000000000
XMM[14]=0x0000000000000000 0x0000000000000000
XMM[15]=0x0000000000000000 0x0000000000000000
  MXCSR=0x00001fa0


Register to memory mapping:

RAX=0x0000000000000010 is an unknown value
RBX=0x0 is null
RCX=0xffffffffffffffff is an unknown value
RDX=0x007fff99b52ff010 is an unknown value
RSP=0x00000089370ff1c0 is pointing into the stack for thread: 0x000002385fbe1010
RBP=0x000002385fbeee58 points into unknown readable memory: 0x0000000715001ee8 | e8 1e 00 15 07 00 00 00
RSI=0x00000089370ff330 is pointing into the stack for thread: 0x000002385fbe1010
RDI=0x000002385fbeee58 points into unknown readable memory: 0x0000000715001ee8 | e8 1e 00 15 07 00 00 00
R8 =0x0000000000000042 is an unknown value
R9 =0x0000000715001ee8 is an oop: java.lang.Thread 
{0x0000000715001ee8} - klass: 'java/lang/Thread' - flags: 

 - ---- fields (total size 14 words):
 - 'threadLocalRandomProbe' 'I' @12  0 (0x00000000)
 - private volatile 'eetop' 'J' @16  2441145963808 (0x000002385fa35520)
 - private final 'tid' 'J' @24  3 (0x0000000000000003)
 - 'threadLocalRandomSeed' 'J' @32  0 (0x0000000000000000)
 - injected 'jvmti_thread_state' 'J' @40  2439547739840 (0x0000023800605ec0)
 - 'threadLocalRandomSecondarySeed' 'I' @48  0 (0x00000000)
 - injected 'jvmti_VTMS_transition_disable_count' 'I' @52  0 (0x00000000)
 - injected 'jfr_epoch' 'S' @56  0 (0x0000)
 - volatile 'interrupted' 'Z' @58  false (0x00)
 - injected 'jvmti_is_in_VTMS_transition' 'Z' @59  false (0x00)
 - private volatile 'name' 'Ljava/lang/String;' @60  "main"{0x0000000715001f58} (0xe2a003eb)
 - private volatile 'contextClassLoader' 'Ljava/lang/ClassLoader;' @64  a 'jdk/internal/loader/ClassLoaders$AppClassLoader'{0x000000071501a490} (0xe2a03492)
 - private final 'holder' 'Ljava/lang/Thread$FieldHolder;' @68  a 'java/lang/Thread$FieldHolder'{0x0000000715001f98} (0xe2a003f3)
 - 'threadLocals' 'Ljava/lang/ThreadLocal$ThreadLocalMap;' @72  a 'java/lang/ThreadLocal$ThreadLocalMap'{0x0000000714c83a60} (0xe299074c)
 - 'inheritableThreadLocals' 'Ljava/lang/ThreadLocal$ThreadLocalMap;' @76  null (0x00000000)
 - private 'scopedValueBindings' 'Ljava/lang/Object;' @80  a 'java/lang/Class'{0x00000007ffe7c280} = 'java/lang/Thread' (0xfffcf850)
 - final 'interruptLock' 'Ljava/lang/Object;' @84  a 'java/lang/Object'{0x0000000715001f88} (0xe2a003f1)
 - private volatile 'parkBlocker' 'Ljava/lang/Object;' @88  null (0x00000000)
 - private 'nioBlocker' 'Lsun/nio/ch/Interruptible;' @92  null (0x00000000)
 - private 'cont' 'Ljdk/internal/vm/Continuation;' @96  null (0x00000000)
 - private volatile 'uncaughtExceptionHandler' 'Ljava/lang/Thread$UncaughtExceptionHandler;' @100  null (0x00000000)
 - private 'container' 'Ljdk/internal/vm/ThreadContainer;' @104  null (0x00000000)
 - private volatile 'headStackableScopes' 'Ljdk/internal/vm/StackableScope;' @108  null (0x00000000)
R10=0x00007fff99dc9fc0 jvm.dll
R11=0x000000000000008c is an unknown value
R12=0x00000089370ff330 is pointing into the stack for thread: 0x000002385fbe1010
R13=0x000002385dbbb670 points into unknown readable memory: 0x00007fff99d3a510 | 10 a5 d3 99 ff 7f 00 00
R14=0x000002385fbe13d8 points into unknown readable memory: 0x00007fff99d317b0 | b0 17 d3 99 ff 7f 00 00
R15=0x000002385fbe13d8 points into unknown readable memory: 0x00007fff99d317b0 | b0 17 d3 99 ff 7f 00 00

Top of Stack: (sp=0x00000089370ff1c0)
0x00000089370ff1c0:   00000089370ff330 000002385fbeee58   0..7....X.._8...
0x00000089370ff1d0:   0000000000000000 000002385fbe1760   ........`.._8...
0x00000089370ff1e0:   000000000000001b 00007fff9ffb34db   .........4......
0x00000089370ff1f0:   0000000000000000 000002385fbe13d8   ..........._8...
0x00000089370ff200:   00000089370ff301 0000000000000000   ...7............
0x00000089370ff210:   0000023846ec9110 00007fff9ffb2134   ...F8...4!......
0x00000089370ff220:   0000000000000000 000000000000001b   ................
0x00000089370ff230:   0000000000000000 000000000000001b   ................
0x00000089370ff240:   0000000c5fec1fb8 0000023847064e60   ..._....`N.G8...
0x00000089370ff250:   0000023846ec9110 0000023846ec917c   ...F8...|..F8...
0x00000089370ff260:   0000023846ec9180 00000000000074c8   ...F8....t......
0x00000089370ff270:   0000000000000000 0000000000000000   ................
0x00000089370ff280:   0000000000000000 00007fff995958e4   .........XY.....
0x00000089370ff290:   00007fffa010ae00 000000000000569c   .........V......
0x00000089370ff2a0:   00007fffa010ae00 00000000ffffffff   ................
0x00000089370ff2b0:   0000000000000000 00007fff9ffb29aa   .........)......
0x00000089370ff2c0:   000002385fbe13d8 0000000000000000   ..._8...........
0x00000089370ff2d0:   00000089370ff339 000002385dbbb670   9..7....p..]8...
0x00000089370ff2e0:   00007ff800004135 0000000000000000   5A..............
0x00000089370ff2f0:   0000000000000000 00007ff81695e1a9   ................
0x00000089370ff300:   000002385fbe13d8 00007fffa010ae00   ..._8...........
0x00000089370ff310:   0000000000000000 00007fffa004bc53   ........S.......
0x00000089370ff320:   0000000000000000 000002385fbe13d8   ..........._8...
0x00000089370ff330:   0000023847585640 00000238475859a0   @VXG8....YXG8...
0x00000089370ff340:   00000238475859a0 00007fffa010ae00   .YXG8...........
0x00000089370ff350:   000002385fec1fb8 00000089370ff4c8   ..._8......7....
0x00000089370ff360:   00000089370ff600 0000000000008840   ...7....@.......
0x00000089370ff370:   00000089370ff7e0 00007fffa010ae50   ...7....P.......
0x00000089370ff380:   0000000000989680 0000000000989680   ................
0x00000089370ff390:   00000089370ff4a0 00007fff9ffad561   ...7....a.......
0x00000089370ff3a0:   00007fffa010ae00 00007fffa010ae58   ........X.......
0x00000089370ff3b0:   00007fff00000000 003ea4b400000001   ..............>.

Instructions: (pc=0x00007fff9ffb3004)
  0x00007fff9ffb2f04:   cc cc cc cc cc cc cc cc cc cc cc cc cc cc cc cc
  0x00007fff9ffb2f14:   cc cc cc cc cc cc cc cc cc cc cc cc cc cc cc cc
  0x00007fff9ffb2f24:   cc cc cc cc cc cc cc cc cc cc cc cc cc cc cc cc
  0x00007fff9ffb2f34:   cc cc cc cc cc cc cc cc cc cc cc cc cc cc cc cc
  0x00007fff9ffb2f44:   cc cc cc cc cc cc cc cc cc cc cc cc cc cc cc cc
  0x00007fff9ffb2f54:   cc cc cc cc cc cc cc cc cc cc cc cc cc cc cc cc
  0x00007fff9ffb2f64:   cc cc cc cc cc cc cc cc cc cc cc cc cc cc cc cc
  0x00007fff9ffb2f74:   cc cc cc cc cc cc cc cc cc cc cc cc cc cc cc cc
  0x00007fff9ffb2f84:   cc cc cc cc cc cc cc cc cc cc cc cc 40 57 48 83
  0x00007fff9ffb2f94:   ec 20 48 8b f9 48 8b 0d 30 80 15 00 48 85 c9 74
  0x00007fff9ffb2fa4:   20 48 8b 01 48 8d 54 24 38 41 b8 06 00 01 00 4c
  0x00007fff9ffb2fb4:   8b 48 30 41 ff d1 85 c0 75 07 48 8b 4c 24 38 eb
  0x00007fff9ffb2fc4:   02 33 c9 4c 8b 05 0a 81 15 00 48 89 5c 24 30 4d
  0x00007fff9ffb2fd4:   85 c0 74 4a 48 8b 01 48 8b d7 4c 8b 88 28 03 00
  0x00007fff9ffb2fe4:   00 41 ff d1 48 85 c0 74 35 48 63 0d b8 3d 15 00
  0x00007fff9ffb2ff4:   48 8b 14 01 48 85 d2 74 15 48 63 05 bc 3d 15 00
=>0x00007fff9ffb3004:   8b 04 10 48 8b 5c 24 30 48 83 c4 20 5f c3 b8 ff
  0x00007fff9ffb3014:   ff ff ff 48 8b 5c 24 30 48 83 c4 20 5f c3 80 3d
  0x00007fff9ffb3024:   bb 7f 15 00 00 bb ff ff ff ff 74 20 4c 8b 0d 51
  0x00007fff9ffb3034:   7c 15 00 4c 8d 44 24 38 48 8b 0d 35 7c 15 00 48
  0x00007fff9ffb3044:   8b d7 41 ff d1 85 c0 0f 44 5c 24 38 8b c3 48 8b
  0x00007fff9ffb3054:   5c 24 30 48 83 c4 20 5f c3 cc cc cc cc cc cc cc
  0x00007fff9ffb3064:   cc cc cc cc cc cc cc cc cc cc cc cc cc cc cc cc
  0x00007fff9ffb3074:   cc cc cc cc cc cc cc cc cc cc cc cc cc cc cc cc
  0x00007fff9ffb3084:   cc cc cc cc cc cc cc cc cc cc cc cc 48 89 54 24
  0x00007fff9ffb3094:   10 53 55 56 57 41 56 41 57 48 83 ec 28 48 8b f2
  0x00007fff9ffb30a4:   4c 8b f1 48 89 4c 24 78 45 33 ff 44 89 7c 24 68
  0x00007fff9ffb30b4:   c7 44 24 60 01 00 00 00 48 8d 4c 24 68 e8 69 3c
  0x00007fff9ffb30c4:   f7 ff 8b d8 48 8d 4c 24 60 e8 5d 3c f7 ff 8b e8
  0x00007fff9ffb30d4:   49 8b ce e8 33 f3 f6 ff 48 8b f8 90 8b c3 f0 0f
  0x00007fff9ffb30e4:   b1 2f 74 04 f3 90 eb f4 4c 89 3e 4c 89 7e 08 4c
  0x00007fff9ffb30f4:   89 7e 10 49 8b 6e 08 4d 8b 76 10 49 3b ee 0f 84


Stack slot to memory mapping:

stack at sp + 0 slots: 0x00000089370ff330 is pointing into the stack for thread: 0x000002385fbe1010
stack at sp + 1 slots: 0x000002385fbeee58 points into unknown readable memory: 0x0000000715001ee8 | e8 1e 00 15 07 00 00 00
stack at sp + 2 slots: 0x0 is null
stack at sp + 3 slots: 0x000002385fbe1760 points into unknown readable memory: 0x6e616c2e6176616a | 6a 61 76 61 2e 6c 61 6e
stack at sp + 4 slots: 0x000000000000001b is an unknown value
stack at sp + 5 slots: 0x00007fff9ffb34db libasyncProfiler.dll
stack at sp + 6 slots: 0x0 is null
stack at sp + 7 slots: 0x000002385fbe13d8 points into unknown readable memory: 0x00007fff99d317b0 | b0 17 d3 99 ff 7f 00 00

Lock stack of current Java thread (top to bottom):


---------------  P R O C E S S  ---------------

Threads class SMR info:
_java_thread_list=0x0000023846f04060, length=16, elements={
0x000002385fa35520, 0x000002385fbdc560, 0x000002385fbdcea0, 0x000002385fbdffe0,
0x000002385fbe1010, 0x000002385fbe1da0, 0x000002385fbe2a00, 0x000002385fbe3470,
0x000002385fbe6110, 0x00000238006261d0, 0x00000238007ac8e0, 0x00000238007af670,
0x00000238007b01d0, 0x0000023846076a00, 0x0000023846af5750, 0x0000023846af33b0
}

Java Threads: ( => current thread )
  0x000002385fa35520 JavaThread "main"                              [_thread_blocked, id=29464, stack(0x0000008936500000,0x0000008936600000) (1024K)]
  0x000002385fbdc560 JavaThread "Reference Handler"          daemon [_thread_blocked, id=19092, stack(0x0000008936d00000,0x0000008936e00000) (1024K)]
  0x000002385fbdcea0 JavaThread "Finalizer"                  daemon [_thread_blocked, id=27484, stack(0x0000008936e00000,0x0000008936f00000) (1024K)]
  0x000002385fbdffe0 JavaThread "Signal Dispatcher"          daemon [_thread_blocked, id=7572, stack(0x0000008936f00000,0x0000008937000000) (1024K)]
=>0x000002385fbe1010 JavaThread "Attach Listener"            daemon [_thread_in_native, id=3232, stack(0x0000008937000000,0x0000008937100000) (1024K)]
  0x000002385fbe1da0 JavaThread "Service Thread"             daemon [_thread_blocked, id=31628, stack(0x0000008937100000,0x0000008937200000) (1024K)]
  0x000002385fbe2a00 JavaThread "Monitor Deflation Thread"   daemon [_thread_blocked, id=18968, stack(0x0000008937200000,0x0000008937300000) (1024K)]
  0x000002385fbe3470 JavaThread "C2 CompilerThread0"         daemon [_thread_blocked, id=4320, stack(0x0000008937300000,0x0000008937400000) (1024K)]
  0x000002385fbe6110 JavaThread "C1 CompilerThread0"         daemon [_thread_blocked, id=11072, stack(0x0000008937400000,0x0000008937500000) (1024K)]
  0x00000238006261d0 JavaThread "Common-Cleaner"             daemon [_thread_blocked, id=3712, stack(0x0000008937500000,0x0000008937600000) (1024K)]
  0x00000238007ac8e0 JavaThread "JDWP Transport Listener: dt_socket" daemon [_thread_blocked, id=23776, stack(0x0000008937700000,0x0000008937800000) (1024K)]
  0x00000238007af670 JavaThread "JDWP Event Helper Thread"   daemon [_thread_blocked, id=10392, stack(0x0000008937800000,0x0000008937900000) (1024K)]
  0x00000238007b01d0 JavaThread "JDWP Command Reader"        daemon [_thread_in_native, id=24652, stack(0x0000008937900000,0x0000008937a00000) (1024K)]
  0x0000023846076a00 JavaThread "Notification Thread"        daemon [_thread_blocked, id=1948, stack(0x0000008937a00000,0x0000008937b00000) (1024K)]
  0x0000023846af5750 JavaThread "Java2D Disposer"            daemon [_thread_blocked, id=30680, stack(0x0000008937c00000,0x0000008937d00000) (1024K)]
  0x0000023846af33b0 JavaThread "AWT-Windows"                daemon [_thread_in_native, id=29896, stack(0x0000008937e00000,0x0000008937f00000) (1024K)]
Total: 16

Other Threads:
  0x000002385fbc5680 VMThread "VM Thread"                           [id=19448, stack(0x0000008936c00000,0x0000008936d00000) (1024K)]
  0x000002380055c0d0 WatcherThread "VM Periodic Task Thread"        [id=29228, stack(0x0000008936b00000,0x0000008936c00000) (1024K)]
  0x000002385faab7c0 WorkerThread "GC Thread#0"                     [id=1320, stack(0x0000008936600000,0x0000008936700000) (1024K)]
  0x000002385fac0140 ConcurrentGCThread "G1 Main Marker"            [id=15560, stack(0x0000008936700000,0x0000008936800000) (1024K)]
  0x000002385fac1d60 WorkerThread "G1 Conc#0"                       [id=29004, stack(0x0000008936800000,0x0000008936900000) (1024K)]
  0x000002385fb901e0 ConcurrentGCThread "G1 Refine#0"               [id=2544, stack(0x0000008936900000,0x0000008936a00000) (1024K)]
  0x000002385fb90c00 ConcurrentGCThread "G1 Service"                [id=11748, stack(0x0000008936a00000,0x0000008936b00000) (1024K)]
Total: 7

Threads with active compile tasks:
Total: 0

VM state: not at safepoint (normal execution)

VM Mutex/Monitor currently owned by a thread: None

Heap address: 0x0000000705600000, size: 4010 MB, Compressed Oops mode: Zero based, Oop shift amount: 3

CDS archive(s) mapped at: [0x0000023801000000-0x0000023801d40000-0x0000023801d40000), size 13893632, SharedBaseAddress: 0x0000023801000000, ArchiveRelocationMode: 1.
Compressed class space mapped at: 0x0000023802000000-0x0000023842000000, reserved size: 1073741824
UseCompressedClassPointers 1, UseCompactObjectHeaders 0
Narrow klass pointer bits 32, Max shift 3
Narrow klass base: 0x0000023801000000, Narrow klass shift: 0
Encoding Range: [0x0000023801000000 - 0x0000023901000000), (4294967296 bytes)
Klass Range:    [0x0000023801000000 - 0x0000023842000000), (1090519040 bytes)
Klass ID Range:  [8 - 1090519033) (1090519025)

GC Precious Log:
 CardTable entry size: 512
 Card Set container configuration: InlinePtr #cards 4 size 8 Array Of Cards #cards 16 size 48 Howl #buckets 8 coarsen threshold 3686 Howl Bitmap #cards 512 size 80 coarsen threshold 460 Card regions per heap region 1 cards per card region 4096
 CPUs: 12 total, 12 available
 Memory: 16036M
 Large Page Support: Disabled
 NUMA Support: Disabled
 Compressed Oops: Enabled (Zero based)
 Heap Region Size: 2M
 Heap Min Capacity: 8M
 Heap Initial Capacity: 252M
 Heap Max Capacity: 4010M
 Pre-touch: Disabled
 Parallel Workers: 10
 Concurrent Workers: 3
 Concurrent Refinement Workers: 10
 Periodic GC: Disabled

Heap:
 garbage-first heap   total reserved 4106240K, committed 260096K, used 42096K [0x0000000705600000, 0x0000000800000000)
  region size 2048K, 16 young (32768K), 0 survivors (0K)
 Metaspace       used 11907K, committed 12096K, reserved 1114112K
  class space    used 888K, committed 960K, reserved 1048576K

Heap Regions: E=young(eden), S=young(survivor), O=old, HS=humongous(starts), HC=humongous(continues), CS=collection set, F=free, TAMS=top-at-mark-start, PB=parsable bottom
|   0|0x0000000705600000, 0x0000000705800000, 0x0000000705800000|100%|HS|  |TAMS 0x0000000705600000| PB 0x0000000705600000| Complete |  0
|   1|0x0000000705800000, 0x0000000705a00000, 0x0000000705a00000|100%|HC|  |TAMS 0x0000000705800000| PB 0x0000000705800000| Complete |  0
|   2|0x0000000705a00000, 0x0000000705c00000, 0x0000000705c00000|100%|HS|  |TAMS 0x0000000705a00000| PB 0x0000000705a00000| Complete |  0
|   3|0x0000000705c00000, 0x0000000705e00000, 0x0000000705e00000|100%|HC|  |TAMS 0x0000000705c00000| PB 0x0000000705c00000| Complete |  0
|   4|0x0000000705e00000, 0x0000000706000000, 0x0000000706000000|100%|HS|  |TAMS 0x0000000705e00000| PB 0x0000000705e00000| Complete |  0
|   5|0x0000000706000000, 0x0000000706200000, 0x0000000706200000|100%|HC|  |TAMS 0x0000000706000000| PB 0x0000000706000000| Complete |  0
|   6|0x0000000706200000, 0x0000000706200000, 0x0000000706400000|  0%| F|  |TAMS 0x0000000706200000| PB 0x0000000706200000| Untracked |  0
|   7|0x0000000706400000, 0x0000000706400000, 0x0000000706600000|  0%| F|  |TAMS 0x0000000706400000| PB 0x0000000706400000| Untracked |  0
|   8|0x0000000706600000, 0x0000000706600000, 0x0000000706800000|  0%| F|  |TAMS 0x0000000706600000| PB 0x0000000706600000| Untracked |  0
|   9|0x0000000706800000, 0x0000000706800000, 0x0000000706a00000|  0%| F|  |TAMS 0x0000000706800000| PB 0x0000000706800000| Untracked |  0
|  10|0x0000000706a00000, 0x0000000706a00000, 0x0000000706c00000|  0%| F|  |TAMS 0x0000000706a00000| PB 0x0000000706a00000| Untracked |  0
|  11|0x0000000706c00000, 0x0000000706c00000, 0x0000000706e00000|  0%| F|  |TAMS 0x0000000706c00000| PB 0x0000000706c00000| Untracked |  0
|  12|0x0000000706e00000, 0x0000000706e00000, 0x0000000707000000|  0%| F|  |TAMS 0x0000000706e00000| PB 0x0000000706e00000| Untracked |  0
|  13|0x0000000707000000, 0x0000000707000000, 0x0000000707200000|  0%| F|  |TAMS 0x0000000707000000| PB 0x0000000707000000| Untracked |  0
|  14|0x0000000707200000, 0x0000000707200000, 0x0000000707400000|  0%| F|  |TAMS 0x0000000707200000| PB 0x0000000707200000| Untracked |  0
|  15|0x0000000707400000, 0x0000000707400000, 0x0000000707600000|  0%| F|  |TAMS 0x0000000707400000| PB 0x0000000707400000| Untracked |  0
|  16|0x0000000707600000, 0x0000000707600000, 0x0000000707800000|  0%| F|  |TAMS 0x0000000707600000| PB 0x0000000707600000| Untracked |  0
|  17|0x0000000707800000, 0x0000000707800000, 0x0000000707a00000|  0%| F|  |TAMS 0x0000000707800000| PB 0x0000000707800000| Untracked |  0
|  18|0x0000000707a00000, 0x0000000707a00000, 0x0000000707c00000|  0%| F|  |TAMS 0x0000000707a00000| PB 0x0000000707a00000| Untracked |  0
|  19|0x0000000707c00000, 0x0000000707c00000, 0x0000000707e00000|  0%| F|  |TAMS 0x0000000707c00000| PB 0x0000000707c00000| Untracked |  0
|  20|0x0000000707e00000, 0x0000000707e00000, 0x0000000708000000|  0%| F|  |TAMS 0x0000000707e00000| PB 0x0000000707e00000| Untracked |  0
|  21|0x0000000708000000, 0x0000000708000000, 0x0000000708200000|  0%| F|  |TAMS 0x0000000708000000| PB 0x0000000708000000| Untracked |  0
|  22|0x0000000708200000, 0x0000000708200000, 0x0000000708400000|  0%| F|  |TAMS 0x0000000708200000| PB 0x0000000708200000| Untracked |  0
|  23|0x0000000708400000, 0x0000000708400000, 0x0000000708600000|  0%| F|  |TAMS 0x0000000708400000| PB 0x0000000708400000| Untracked |  0
|  24|0x0000000708600000, 0x0000000708600000, 0x0000000708800000|  0%| F|  |TAMS 0x0000000708600000| PB 0x0000000708600000| Untracked |  0
|  25|0x0000000708800000, 0x0000000708800000, 0x0000000708a00000|  0%| F|  |TAMS 0x0000000708800000| PB 0x0000000708800000| Untracked |  0
|  26|0x0000000708a00000, 0x0000000708a00000, 0x0000000708c00000|  0%| F|  |TAMS 0x0000000708a00000| PB 0x0000000708a00000| Untracked |  0
|  27|0x0000000708c00000, 0x0000000708c00000, 0x0000000708e00000|  0%| F|  |TAMS 0x0000000708c00000| PB 0x0000000708c00000| Untracked |  0
|  28|0x0000000708e00000, 0x0000000708e00000, 0x0000000709000000|  0%| F|  |TAMS 0x0000000708e00000| PB 0x0000000708e00000| Untracked |  0
|  29|0x0000000709000000, 0x0000000709000000, 0x0000000709200000|  0%| F|  |TAMS 0x0000000709000000| PB 0x0000000709000000| Untracked |  0
|  30|0x0000000709200000, 0x0000000709200000, 0x0000000709400000|  0%| F|  |TAMS 0x0000000709200000| PB 0x0000000709200000| Untracked |  0
|  31|0x0000000709400000, 0x0000000709400000, 0x0000000709600000|  0%| F|  |TAMS 0x0000000709400000| PB 0x0000000709400000| Untracked |  0
|  32|0x0000000709600000, 0x0000000709600000, 0x0000000709800000|  0%| F|  |TAMS 0x0000000709600000| PB 0x0000000709600000| Untracked |  0
|  33|0x0000000709800000, 0x0000000709800000, 0x0000000709a00000|  0%| F|  |TAMS 0x0000000709800000| PB 0x0000000709800000| Untracked |  0
|  34|0x0000000709a00000, 0x0000000709a00000, 0x0000000709c00000|  0%| F|  |TAMS 0x0000000709a00000| PB 0x0000000709a00000| Untracked |  0
|  35|0x0000000709c00000, 0x0000000709c00000, 0x0000000709e00000|  0%| F|  |TAMS 0x0000000709c00000| PB 0x0000000709c00000| Untracked |  0
|  36|0x0000000709e00000, 0x0000000709e00000, 0x000000070a000000|  0%| F|  |TAMS 0x0000000709e00000| PB 0x0000000709e00000| Untracked |  0
|  37|0x000000070a000000, 0x000000070a000000, 0x000000070a200000|  0%| F|  |TAMS 0x000000070a000000| PB 0x000000070a000000| Untracked |  0
|  38|0x000000070a200000, 0x000000070a200000, 0x000000070a400000|  0%| F|  |TAMS 0x000000070a200000| PB 0x000000070a200000| Untracked |  0
|  39|0x000000070a400000, 0x000000070a400000, 0x000000070a600000|  0%| F|  |TAMS 0x000000070a400000| PB 0x000000070a400000| Untracked |  0
|  40|0x000000070a600000, 0x000000070a600000, 0x000000070a800000|  0%| F|  |TAMS 0x000000070a600000| PB 0x000000070a600000| Untracked |  0
|  41|0x000000070a800000, 0x000000070a800000, 0x000000070aa00000|  0%| F|  |TAMS 0x000000070a800000| PB 0x000000070a800000| Untracked |  0
|  42|0x000000070aa00000, 0x000000070aa00000, 0x000000070ac00000|  0%| F|  |TAMS 0x000000070aa00000| PB 0x000000070aa00000| Untracked |  0
|  43|0x000000070ac00000, 0x000000070ac00000, 0x000000070ae00000|  0%| F|  |TAMS 0x000000070ac00000| PB 0x000000070ac00000| Untracked |  0
|  44|0x000000070ae00000, 0x000000070ae00000, 0x000000070b000000|  0%| F|  |TAMS 0x000000070ae00000| PB 0x000000070ae00000| Untracked |  0
|  45|0x000000070b000000, 0x000000070b000000, 0x000000070b200000|  0%| F|  |TAMS 0x000000070b000000| PB 0x000000070b000000| Untracked |  0
|  46|0x000000070b200000, 0x000000070b200000, 0x000000070b400000|  0%| F|  |TAMS 0x000000070b200000| PB 0x000000070b200000| Untracked |  0
|  47|0x000000070b400000, 0x000000070b400000, 0x000000070b600000|  0%| F|  |TAMS 0x000000070b400000| PB 0x000000070b400000| Untracked |  0
|  48|0x000000070b600000, 0x000000070b600000, 0x000000070b800000|  0%| F|  |TAMS 0x000000070b600000| PB 0x000000070b600000| Untracked |  0
|  49|0x000000070b800000, 0x000000070b800000, 0x000000070ba00000|  0%| F|  |TAMS 0x000000070b800000| PB 0x000000070b800000| Untracked |  0
|  50|0x000000070ba00000, 0x000000070ba00000, 0x000000070bc00000|  0%| F|  |TAMS 0x000000070ba00000| PB 0x000000070ba00000| Untracked |  0
|  51|0x000000070bc00000, 0x000000070bc00000, 0x000000070be00000|  0%| F|  |TAMS 0x000000070bc00000| PB 0x000000070bc00000| Untracked |  0
|  52|0x000000070be00000, 0x000000070be00000, 0x000000070c000000|  0%| F|  |TAMS 0x000000070be00000| PB 0x000000070be00000| Untracked |  0
|  53|0x000000070c000000, 0x000000070c000000, 0x000000070c200000|  0%| F|  |TAMS 0x000000070c000000| PB 0x000000070c000000| Untracked |  0
|  54|0x000000070c200000, 0x000000070c200000, 0x000000070c400000|  0%| F|  |TAMS 0x000000070c200000| PB 0x000000070c200000| Untracked |  0
|  55|0x000000070c400000, 0x000000070c400000, 0x000000070c600000|  0%| F|  |TAMS 0x000000070c400000| PB 0x000000070c400000| Untracked |  0
|  56|0x000000070c600000, 0x000000070c600000, 0x000000070c800000|  0%| F|  |TAMS 0x000000070c600000| PB 0x000000070c600000| Untracked |  0
|  57|0x000000070c800000, 0x000000070c800000, 0x000000070ca00000|  0%| F|  |TAMS 0x000000070c800000| PB 0x000000070c800000| Untracked |  0
|  58|0x000000070ca00000, 0x000000070ca00000, 0x000000070cc00000|  0%| F|  |TAMS 0x000000070ca00000| PB 0x000000070ca00000| Untracked |  0
|  59|0x000000070cc00000, 0x000000070cc00000, 0x000000070ce00000|  0%| F|  |TAMS 0x000000070cc00000| PB 0x000000070cc00000| Untracked |  0
|  60|0x000000070ce00000, 0x000000070ce00000, 0x000000070d000000|  0%| F|  |TAMS 0x000000070ce00000| PB 0x000000070ce00000| Untracked |  0
|  61|0x000000070d000000, 0x000000070d000000, 0x000000070d200000|  0%| F|  |TAMS 0x000000070d000000| PB 0x000000070d000000| Untracked |  0
|  62|0x000000070d200000, 0x000000070d200000, 0x000000070d400000|  0%| F|  |TAMS 0x000000070d200000| PB 0x000000070d200000| Untracked |  0
|  63|0x000000070d400000, 0x000000070d400000, 0x000000070d600000|  0%| F|  |TAMS 0x000000070d400000| PB 0x000000070d400000| Untracked |  0
|  64|0x000000070d600000, 0x000000070d600000, 0x000000070d800000|  0%| F|  |TAMS 0x000000070d600000| PB 0x000000070d600000| Untracked |  0
|  65|0x000000070d800000, 0x000000070d800000, 0x000000070da00000|  0%| F|  |TAMS 0x000000070d800000| PB 0x000000070d800000| Untracked |  0
|  66|0x000000070da00000, 0x000000070da00000, 0x000000070dc00000|  0%| F|  |TAMS 0x000000070da00000| PB 0x000000070da00000| Untracked |  0
|  67|0x000000070dc00000, 0x000000070dc00000, 0x000000070de00000|  0%| F|  |TAMS 0x000000070dc00000| PB 0x000000070dc00000| Untracked |  0
|  68|0x000000070de00000, 0x000000070de00000, 0x000000070e000000|  0%| F|  |TAMS 0x000000070de00000| PB 0x000000070de00000| Untracked |  0
|  69|0x000000070e000000, 0x000000070e000000, 0x000000070e200000|  0%| F|  |TAMS 0x000000070e000000| PB 0x000000070e000000| Untracked |  0
|  70|0x000000070e200000, 0x000000070e200000, 0x000000070e400000|  0%| F|  |TAMS 0x000000070e200000| PB 0x000000070e200000| Untracked |  0
|  71|0x000000070e400000, 0x000000070e400000, 0x000000070e600000|  0%| F|  |TAMS 0x000000070e400000| PB 0x000000070e400000| Untracked |  0
|  72|0x000000070e600000, 0x000000070e600000, 0x000000070e800000|  0%| F|  |TAMS 0x000000070e600000| PB 0x000000070e600000| Untracked |  0
|  73|0x000000070e800000, 0x000000070e800000, 0x000000070ea00000|  0%| F|  |TAMS 0x000000070e800000| PB 0x000000070e800000| Untracked |  0
|  74|0x000000070ea00000, 0x000000070ea00000, 0x000000070ec00000|  0%| F|  |TAMS 0x000000070ea00000| PB 0x000000070ea00000| Untracked |  0
|  75|0x000000070ec00000, 0x000000070ec00000, 0x000000070ee00000|  0%| F|  |TAMS 0x000000070ec00000| PB 0x000000070ec00000| Untracked |  0
|  76|0x000000070ee00000, 0x000000070ee00000, 0x000000070f000000|  0%| F|  |TAMS 0x000000070ee00000| PB 0x000000070ee00000| Untracked |  0
|  77|0x000000070f000000, 0x000000070f000000, 0x000000070f200000|  0%| F|  |TAMS 0x000000070f000000| PB 0x000000070f000000| Untracked |  0
|  78|0x000000070f200000, 0x000000070f200000, 0x000000070f400000|  0%| F|  |TAMS 0x000000070f200000| PB 0x000000070f200000| Untracked |  0
|  79|0x000000070f400000, 0x000000070f400000, 0x000000070f600000|  0%| F|  |TAMS 0x000000070f400000| PB 0x000000070f400000| Untracked |  0
|  80|0x000000070f600000, 0x000000070f600000, 0x000000070f800000|  0%| F|  |TAMS 0x000000070f600000| PB 0x000000070f600000| Untracked |  0
|  81|0x000000070f800000, 0x000000070f800000, 0x000000070fa00000|  0%| F|  |TAMS 0x000000070f800000| PB 0x000000070f800000| Untracked |  0
|  82|0x000000070fa00000, 0x000000070fa00000, 0x000000070fc00000|  0%| F|  |TAMS 0x000000070fa00000| PB 0x000000070fa00000| Untracked |  0
|  83|0x000000070fc00000, 0x000000070fc00000, 0x000000070fe00000|  0%| F|  |TAMS 0x000000070fc00000| PB 0x000000070fc00000| Untracked |  0
|  84|0x000000070fe00000, 0x000000070fe00000, 0x0000000710000000|  0%| F|  |TAMS 0x000000070fe00000| PB 0x000000070fe00000| Untracked |  0
|  85|0x0000000710000000, 0x0000000710000000, 0x0000000710200000|  0%| F|  |TAMS 0x0000000710000000| PB 0x0000000710000000| Untracked |  0
|  86|0x0000000710200000, 0x0000000710200000, 0x0000000710400000|  0%| F|  |TAMS 0x0000000710200000| PB 0x0000000710200000| Untracked |  0
|  87|0x0000000710400000, 0x0000000710400000, 0x0000000710600000|  0%| F|  |TAMS 0x0000000710400000| PB 0x0000000710400000| Untracked |  0
|  88|0x0000000710600000, 0x0000000710600000, 0x0000000710800000|  0%| F|  |TAMS 0x0000000710600000| PB 0x0000000710600000| Untracked |  0
|  89|0x0000000710800000, 0x0000000710800000, 0x0000000710a00000|  0%| F|  |TAMS 0x0000000710800000| PB 0x0000000710800000| Untracked |  0
|  90|0x0000000710a00000, 0x0000000710a00000, 0x0000000710c00000|  0%| F|  |TAMS 0x0000000710a00000| PB 0x0000000710a00000| Untracked |  0
|  91|0x0000000710c00000, 0x0000000710c00000, 0x0000000710e00000|  0%| F|  |TAMS 0x0000000710c00000| PB 0x0000000710c00000| Untracked |  0
|  92|0x0000000710e00000, 0x0000000710e00000, 0x0000000711000000|  0%| F|  |TAMS 0x0000000710e00000| PB 0x0000000710e00000| Untracked |  0
|  93|0x0000000711000000, 0x0000000711000000, 0x0000000711200000|  0%| F|  |TAMS 0x0000000711000000| PB 0x0000000711000000| Untracked |  0
|  94|0x0000000711200000, 0x0000000711200000, 0x0000000711400000|  0%| F|  |TAMS 0x0000000711200000| PB 0x0000000711200000| Untracked |  0
|  95|0x0000000711400000, 0x0000000711400000, 0x0000000711600000|  0%| F|  |TAMS 0x0000000711400000| PB 0x0000000711400000| Untracked |  0
|  96|0x0000000711600000, 0x0000000711600000, 0x0000000711800000|  0%| F|  |TAMS 0x0000000711600000| PB 0x0000000711600000| Untracked |  0
|  97|0x0000000711800000, 0x0000000711800000, 0x0000000711a00000|  0%| F|  |TAMS 0x0000000711800000| PB 0x0000000711800000| Untracked |  0
|  98|0x0000000711a00000, 0x0000000711a00000, 0x0000000711c00000|  0%| F|  |TAMS 0x0000000711a00000| PB 0x0000000711a00000| Untracked |  0
|  99|0x0000000711c00000, 0x0000000711c00000, 0x0000000711e00000|  0%| F|  |TAMS 0x0000000711c00000| PB 0x0000000711c00000| Untracked |  0
| 100|0x0000000711e00000, 0x0000000711e00000, 0x0000000712000000|  0%| F|  |TAMS 0x0000000711e00000| PB 0x0000000711e00000| Untracked |  0
| 101|0x0000000712000000, 0x0000000712000000, 0x0000000712200000|  0%| F|  |TAMS 0x0000000712000000| PB 0x0000000712000000| Untracked |  0
| 102|0x0000000712200000, 0x0000000712200000, 0x0000000712400000|  0%| F|  |TAMS 0x0000000712200000| PB 0x0000000712200000| Untracked |  0
| 103|0x0000000712400000, 0x0000000712400000, 0x0000000712600000|  0%| F|  |TAMS 0x0000000712400000| PB 0x0000000712400000| Untracked |  0
| 104|0x0000000712600000, 0x0000000712600000, 0x0000000712800000|  0%| F|  |TAMS 0x0000000712600000| PB 0x0000000712600000| Untracked |  0
| 105|0x0000000712800000, 0x0000000712800000, 0x0000000712a00000|  0%| F|  |TAMS 0x0000000712800000| PB 0x0000000712800000| Untracked |  0
| 106|0x0000000712a00000, 0x0000000712a00000, 0x0000000712c00000|  0%| F|  |TAMS 0x0000000712a00000| PB 0x0000000712a00000| Untracked |  0
| 107|0x0000000712c00000, 0x0000000712c00000, 0x0000000712e00000|  0%| F|  |TAMS 0x0000000712c00000| PB 0x0000000712c00000| Untracked |  0
| 108|0x0000000712e00000, 0x0000000712e00000, 0x0000000713000000|  0%| F|  |TAMS 0x0000000712e00000| PB 0x0000000712e00000| Untracked |  0
| 109|0x0000000713000000, 0x0000000713000000, 0x0000000713200000|  0%| F|  |TAMS 0x0000000713000000| PB 0x0000000713000000| Untracked |  0
| 110|0x0000000713200000, 0x0000000713400000, 0x0000000713400000|100%| E|  |TAMS 0x0000000713200000| PB 0x0000000713200000| Complete |  0
| 111|0x0000000713400000, 0x0000000713600000, 0x0000000713600000|100%| E|CS|TAMS 0x0000000713400000| PB 0x0000000713400000| Complete |  0
| 112|0x0000000713600000, 0x0000000713800000, 0x0000000713800000|100%| E|CS|TAMS 0x0000000713600000| PB 0x0000000713600000| Complete |  0
| 113|0x0000000713800000, 0x0000000713a00000, 0x0000000713a00000|100%| E|CS|TAMS 0x0000000713800000| PB 0x0000000713800000| Complete |  0
| 114|0x0000000713a00000, 0x0000000713c00000, 0x0000000713c00000|100%| E|CS|TAMS 0x0000000713a00000| PB 0x0000000713a00000| Complete |  0
| 115|0x0000000713c00000, 0x0000000713e00000, 0x0000000713e00000|100%| E|CS|TAMS 0x0000000713c00000| PB 0x0000000713c00000| Complete |  0
| 116|0x0000000713e00000, 0x0000000714000000, 0x0000000714000000|100%| E|CS|TAMS 0x0000000713e00000| PB 0x0000000713e00000| Complete |  0
| 117|0x0000000714000000, 0x0000000714200000, 0x0000000714200000|100%| E|CS|TAMS 0x0000000714000000| PB 0x0000000714000000| Complete |  0
| 118|0x0000000714200000, 0x0000000714400000, 0x0000000714400000|100%| E|CS|TAMS 0x0000000714200000| PB 0x0000000714200000| Complete |  0
| 119|0x0000000714400000, 0x0000000714600000, 0x0000000714600000|100%| E|CS|TAMS 0x0000000714400000| PB 0x0000000714400000| Complete |  0
| 120|0x0000000714600000, 0x0000000714800000, 0x0000000714800000|100%| E|  |TAMS 0x0000000714600000| PB 0x0000000714600000| Complete |  0
| 121|0x0000000714800000, 0x0000000714a00000, 0x0000000714a00000|100%| E|CS|TAMS 0x0000000714800000| PB 0x0000000714800000| Complete |  0
| 122|0x0000000714a00000, 0x0000000714c00000, 0x0000000714c00000|100%| E|CS|TAMS 0x0000000714a00000| PB 0x0000000714a00000| Complete |  0
| 123|0x0000000714c00000, 0x0000000714e00000, 0x0000000714e00000|100%| E|CS|TAMS 0x0000000714c00000| PB 0x0000000714c00000| Complete |  0
| 124|0x0000000714e00000, 0x0000000715000000, 0x0000000715000000|100%| E|CS|TAMS 0x0000000714e00000| PB 0x0000000714e00000| Complete |  0
| 125|0x0000000715000000, 0x0000000715200000, 0x0000000715200000|100%| E|CS|TAMS 0x0000000715000000| PB 0x0000000715000000| Complete |  0
|2004|0x00000007ffe00000, 0x00000007fff1c348, 0x0000000800000000| 55%| O|  |TAMS 0x00000007ffe00000| PB 0x00000007ffe00000| Untracked |  0

Card table byte_map: [0x00000238791d0000,0x00000238799b0000] _byte_map_base: 0x00000238759a5000

Marking Bits: (CMBitMap*) 0x000002385faabed0
 Bits: [0x00000238799b0000, 0x000002387d858000)

Polling page: 0x000002385dcf0000

Metaspace:

Usage:
  Non-class:     10.76 MB used.
      Class:    888.16 KB used.
       Both:     11.63 MB used.

Virtual space:
  Non-class space:       64.00 MB reserved,      10.88 MB ( 17%) committed,  1 nodes.
      Class space:        1.00 GB reserved,     960.00 KB ( <1%) committed,  1 nodes.
             Both:        1.06 GB reserved,      11.81 MB (  1%) committed. 

Chunk freelists:
   Non-Class:  4.97 MB
       Class:  15.08 MB
        Both:  20.06 MB

MaxMetaspaceSize: unlimited
CompressedClassSpaceSize: 1.00 GB
Initial GC threshold: 21.00 MB
Current GC threshold: 21.00 MB
CDS: on
 - commit_granule_bytes: 65536.
 - commit_granule_words: 8192.
 - virtual_space_node_default_size: 8388608.
 - enlarge_chunks_in_place: 1.
UseCompressedClassPointers 1, UseCompactObjectHeaders 0
Narrow klass pointer bits 32, Max shift 3
Narrow klass base: 0x0000023801000000, Narrow klass shift: 0
Encoding Range: [0x0000023801000000 - 0x0000023901000000), (4294967296 bytes)
Klass Range:    [0x0000023801000000 - 0x0000023842000000), (1090519040 bytes)
Klass ID Range:  [8 - 1090519033) (1090519025)


Internal statistics:

num_allocs_failed_limit: 0.
num_arena_births: 108.
num_arena_deaths: 0.
num_vsnodes_births: 2.
num_vsnodes_deaths: 0.
num_space_committed: 189.
num_space_uncommitted: 0.
num_chunks_returned_to_freelist: 0.
num_chunks_taken_from_freelist: 183.
num_chunk_merges: 0.
num_chunk_splits: 121.
num_chunks_enlarged: 81.
num_inconsistent_stats: 0.

CodeHeap 'non-profiled nmethods': size=120064Kb used=876Kb max_used=876Kb free=119187Kb
 bounds [0x0000023870a10000, 0x0000023870c80000, 0x0000023877f50000]
CodeHeap 'profiled nmethods': size=120000Kb used=2251Kb max_used=2251Kb free=117748Kb
 bounds [0x0000023868f50000, 0x00000238691c0000, 0x0000023870480000]
CodeHeap 'non-nmethods': size=5696Kb used=1588Kb max_used=1672Kb free=4107Kb
 bounds [0x0000023870480000, 0x00000238706f0000, 0x0000023870a10000]
CodeCache: size=245760Kb, used=4715Kb, max_used=4799Kb, free=241042Kb
 total_blobs=2283, nmethods=1585, adapters=604, full_count=0
Compilation: enabled, stopped_count=0, restarted_count=0

Compilation events (20 events):
Event: 2.224 Thread 0x000002385fbe6110 nmethod 1578 0x000002386917da88 code [0x000002386917dbc0, 0x000002386917df30]
Event: 2.224 Thread 0x000002385fbe6110 1579       3       sun.java2d.marlin.MarlinCache::copyAARowRLE_WithBlockFlags (733 bytes)
Event: 2.224 Thread 0x0000023846f74650 nmethod 1576 0x0000023870ad4a08 code [0x0000023870ad4b20, 0x0000023870ad4d90]
Event: 2.227 Thread 0x000002385fbe6110 nmethod 1579 0x000002386917df88 code [0x000002386917e1a0, 0x000002386917f598]
Event: 2.227 Thread 0x0000023846f74650 1580 %     4       sun.java2d.marlin.MarlinCache::copyAARowRLE_WithBlockFlags @ 269 (733 bytes)
Event: 2.227 Thread 0x00000238006f2270 nmethod 1574% 0x0000023870ad4e08 code [0x0000023870ad4f40, 0x0000023870ad5658]
Event: 2.227 Thread 0x000002385fbe6110 1581       3       sun.java2d.marlin.MarlinCache::touchTile (163 bytes)
Event: 2.228 Thread 0x000002385fbe6110 nmethod 1581 0x000002386917f608 code [0x000002386917f740, 0x000002386917fb28]
Event: 2.228 Thread 0x000002385fbe6110 1582       3       sun.java2d.marlin.MarlinCache::startRLERow (40 bytes)
Event: 2.229 Thread 0x000002385fbe6110 nmethod 1582 0x000002386917fb88 code [0x000002386917fcc0, 0x000002386917fed0]
Event: 2.232 Thread 0x000002385fbe6110 1583       3       java.lang.invoke.VarHandleGuards::guard_LII_V (135 bytes)
Event: 2.234 Thread 0x00000238006f2270 1586       4       com.sun.imageio.plugins.png.PNGImageWriter::encodePass (1156 bytes)
Event: 2.236 Thread 0x000002385fbe6110 nmethod 1583 0x000002386917ff08 code [0x0000023869180240, 0x0000023869182788]
Event: 2.236 Thread 0x000002385fbe6110 1584       3       java.lang.invoke.VarHandleByteArrayAsInts$ArrayHandle::set (39 bytes)
Event: 2.237 Thread 0x000002385fbe6110 nmethod 1584 0x0000023869182808 code [0x0000023869182940, 0x0000023869182de8]
Event: 2.273 Thread 0x0000023846f74650 nmethod 1580% 0x0000023870ad5988 code [0x0000023870ad5b60, 0x0000023870ad8aa8]
Event: 2.274 Thread 0x0000023846f74650 1587   !   4       java.util.zip.Deflater::needsInput (55 bytes)
Event: 2.276 Thread 0x0000023846f74650 nmethod 1587 0x0000023870ad8b08 code [0x0000023870ad8c20, 0x0000023870ad8e80]
Event: 2.426 Thread 0x00000238006f2270 nmethod 1586 0x0000023870ad8f08 code [0x0000023870ad9280, 0x0000023870adec28]
Event: 2.544 Thread 0x000002385fbe3470 nmethod 1575% 0x0000023870aded88 code [0x0000023870adf160, 0x0000023870aeb1b8]

GC Heap History (0 events):
No events

Dll operation events (13 events):
Event: 0.019 Loaded shared library C:\Users\rafik\.jdks\openjdk-24\bin\java.dll
Event: 0.021 Loaded shared library C:\Users\rafik\.jdks\openjdk-24\bin\zip.dll
Event: 0.056 Loaded shared library C:\Users\rafik\.jdks\openjdk-24\bin\jsvml.dll
Event: 0.133 Loaded shared library C:\Users\rafik\.jdks\openjdk-24\bin\instrument.dll
Event: 0.254 Loaded shared library C:\Users\rafik\.jdks\openjdk-24\bin\net.dll
Event: 0.258 Loaded shared library C:\Users\rafik\.jdks\openjdk-24\bin\nio.dll
Event: 0.277 Loaded shared library C:\Users\rafik\.jdks\openjdk-24\bin\zip.dll
Event: 0.284 Loaded shared library C:\Users\rafik\.jdks\openjdk-24\bin\verify.dll
Event: 0.400 Loaded shared library C:\Users\rafik\.jdks\openjdk-24\bin\jimage.dll
Event: 0.414 Loaded shared library C:\Users\rafik\.jdks\openjdk-24\bin\awt.dll
Event: 0.800 Loaded shared library C:\Users\rafik\.jdks\openjdk-24\bin\freetype.dll
Event: 0.801 Loaded shared library C:\Users\rafik\.jdks\openjdk-24\bin\fontmanager.dll
Event: 13.537 Loaded shared library C:\Users\rafik\AppData\Local\Temp\idea_libasyncProfiler_dll_temp_folder3\libasyncProfiler.dll

Deoptimization events (20 events):
Event: 2.216 Thread 0x000002385fa35520 Uncommon trap: trap_request=0xffffff4d fr.pc=0x0000023870ac896c relative=0x000000000000166c
Event: 2.216 Thread 0x000002385fa35520 Uncommon trap: reason=unstable_if action=reinterpret pc=0x0000023870ac896c method=sun.java2d.marlin.Renderer._endRendering(II)V @ 2316 c2
Event: 2.216 Thread 0x000002385fa35520 DEOPT PACKING pc=0x0000023870ac896c sp=0x00000089365fe280
Event: 2.216 Thread 0x000002385fa35520 DEOPT UNPACKING pc=0x00000238705a7182 sp=0x00000089365fe1e8 mode 2
Event: 2.289 Thread 0x000002385fa35520 Uncommon trap: trap_request=0xffffff4d fr.pc=0x0000023870a2acfc relative=0x0000000000000bfc
Event: 2.289 Thread 0x000002385fa35520 Uncommon trap: reason=unstable_if action=reinterpret pc=0x0000023870a2acfc method=java.lang.Double.isNaN(D)Z @ 3 c2
Event: 2.289 Thread 0x000002385fa35520 DEOPT PACKING pc=0x0000023870a2acfc sp=0x00000089365ff4a0
Event: 2.289 Thread 0x000002385fa35520 DEOPT UNPACKING pc=0x00000238705a7182 sp=0x00000089365ff278 mode 2
Event: 2.289 Thread 0x000002385fa35520 Uncommon trap: trap_request=0xffffff4d fr.pc=0x0000023870a28b9c relative=0x000000000000009c
Event: 2.289 Thread 0x000002385fa35520 Uncommon trap: reason=unstable_if action=reinterpret pc=0x0000023870a28b9c method=java.lang.Double.isNaN(D)Z @ 3 c2
Event: 2.289 Thread 0x000002385fa35520 DEOPT PACKING pc=0x0000023870a28b9c sp=0x00000089365ff330
Event: 2.290 Thread 0x000002385fa35520 DEOPT UNPACKING pc=0x00000238705a7182 sp=0x00000089365ff278 mode 2
Event: 2.290 Thread 0x000002385fa35520 Uncommon trap: trap_request=0xffffff4d fr.pc=0x0000023870a2889c relative=0x000000000000009c
Event: 2.290 Thread 0x000002385fa35520 Uncommon trap: reason=unstable_if action=reinterpret pc=0x0000023870a2889c method=java.lang.Double.isNaN(D)Z @ 3 c2
Event: 2.290 Thread 0x000002385fa35520 DEOPT PACKING pc=0x0000023870a2889c sp=0x00000089365ff330
Event: 2.290 Thread 0x000002385fa35520 DEOPT UNPACKING pc=0x00000238705a7182 sp=0x00000089365ff278 mode 2
Event: 2.290 Thread 0x000002385fa35520 Uncommon trap: trap_request=0xffffff4d fr.pc=0x0000023870a3c860 relative=0x0000000000000060
Event: 2.290 Thread 0x000002385fa35520 Uncommon trap: reason=unstable_if action=reinterpret pc=0x0000023870a3c860 method=java.lang.Double.isNaN(D)Z @ 3 c2
Event: 2.290 Thread 0x000002385fa35520 DEOPT PACKING pc=0x0000023870a3c860 sp=0x00000089365ff2d0
Event: 2.290 Thread 0x000002385fa35520 DEOPT UNPACKING pc=0x00000238705a7182 sp=0x00000089365ff270 mode 2

Classes loaded (20 events):
Event: 1.650 Loading class java/lang/invoke/VarHandleByteArrayAsFloats$ArrayHandle
Event: 1.650 Loading class java/lang/invoke/VarHandleByteArrayAsFloats$ArrayHandle done
Event: 1.650 Loading class java/lang/invoke/VarHandleByteArrayAsDoubles$ArrayHandle
Event: 1.650 Loading class java/lang/invoke/VarHandleByteArrayAsDoubles$ArrayHandle done
Event: 1.651 Loading class com/sun/imageio/plugins/png/IDATOutputStream
Event: 1.651 Loading class com/sun/imageio/plugins/png/IDATOutputStream done
Event: 1.651 Loading class java/util/zip/Deflater
Event: 1.651 Loading class java/util/zip/Deflater done
Event: 1.652 Loading class java/util/zip/Deflater$DeflaterZStreamRef
Event: 1.652 Loading class java/util/zip/Deflater$DeflaterZStreamRef done
Event: 1.758 Loading class java/io/FileOutputStream$1
Event: 1.758 Loading class java/io/FileOutputStream$1 done
Event: 1.912 Loading class org/jfree/chart/entity/EntityCollection
Event: 1.912 Loading class org/jfree/chart/entity/EntityCollection done
Event: 1.939 Loading class sun/awt/AppContext$PostShutdownEventRunnable
Event: 1.939 Loading class sun/awt/AppContext$PostShutdownEventRunnable done
Event: 1.940 Loading class sun/awt/AWTAutoShutdown$1
Event: 1.940 Loading class sun/awt/AWTAutoShutdown$1 done
Event: 13.498 Loading class kotlinx/coroutines/debug/internal/DebugProbesImpl
Event: 13.498 Loading class kotlinx/coroutines/debug/internal/DebugProbesImpl done

Classes unloaded (0 events):
No events

Classes redefined (1 events):
Event: 0.182 Thread 0x000002385fbc5680 redefined class name=java.lang.Throwable, count=1

Internal exceptions (20 events):
Event: 0.528 Thread 0x000002385fa35520 Exception <a 'java/lang/NoSuchMethodError'{0x00000007147eadd8}: 'java.lang.Object java.lang.invoke.DirectMethodHandle$Holder.invokeStaticInit(java.lang.Object)'> (0x00000007147eadd8) 
thrown [s\open\src\hotspot\share\interpreter\linkResolver.cpp, line 805]
Event: 0.660 Thread 0x000002385fa35520 Exception <a 'java/lang/NoSuchMethodError'{0x000000071427c1f0}: 'void java.lang.invoke.DirectMethodHandle$Holder.invokeSpecial(java.lang.Object, java.lang.Object, java.lang.Object)'> (0x000000071427c1f0) 
thrown [s\open\src\hotspot\share\interpreter\linkResolver.cpp, line 805]
Event: 0.677 Thread 0x000002385fa35520 Exception <a 'java/lang/NoSuchMethodError'{0x0000000714009978}: 'java.lang.Object java.lang.invoke.DirectMethodHandle$Holder.newInvokeSpecial(java.lang.Object, java.lang.Object, java.lang.Object, java.lang.Object, java.lang.Object)'> (0x0000000714009978) 
thrown [s\open\src\hotspot\share\interpreter\linkResolver.cpp, line 805]
Event: 0.694 Thread 0x000002385fa35520 Exception <a 'java/lang/NoSuchMethodError'{0x0000000714073a18}: 'java.lang.Object java.lang.invoke.DirectMethodHandle$Holder.invokeStatic(java.lang.Object, int, java.lang.Object)'> (0x0000000714073a18) 
thrown [s\open\src\hotspot\share\interpreter\linkResolver.cpp, line 805]
Event: 0.812 Thread 0x000002385fa35520 Exception <a 'java/lang/NoSuchMethodError'{0x0000000713fc2760}: 'int java.lang.invoke.DirectMethodHandle$Holder.invokeStaticInit(java.lang.Object, int)'> (0x0000000713fc2760) 
thrown [s\open\src\hotspot\share\interpreter\linkResolver.cpp, line 805]
Event: 0.816 Thread 0x000002385fa35520 Exception <a 'java/lang/NoSuchMethodError'{0x0000000713fd0e00}: 'long java.lang.invoke.DirectMethodHandle$Holder.invokeStatic(java.lang.Object, java.lang.Object)'> (0x0000000713fd0e00) 
thrown [s\open\src\hotspot\share\interpreter\linkResolver.cpp, line 805]
Event: 0.818 Thread 0x000002385fa35520 Exception <a 'java/lang/NoSuchMethodError'{0x0000000713fd8e40}: 'long java.lang.invoke.DirectMethodHandle$Holder.invokeStaticInit(java.lang.Object, java.lang.Object)'> (0x0000000713fd8e40) 
thrown [s\open\src\hotspot\share\interpreter\linkResolver.cpp, line 805]
Event: 0.820 Thread 0x000002385fa35520 Exception <a 'java/lang/NoSuchMethodError'{0x0000000713fe14e8}: 'java.lang.Object java.lang.invoke.DirectMethodHandle$Holder.invokeStatic(java.lang.Object, long, java.lang.Object)'> (0x0000000713fe14e8) 
thrown [s\open\src\hotspot\share\interpreter\linkResolver.cpp, line 805]
Event: 0.822 Thread 0x000002385fa35520 Exception <a 'java/lang/NoSuchMethodError'{0x0000000713fe9620}: 'java.lang.Object java.lang.invoke.DirectMethodHandle$Holder.invokeStaticInit(java.lang.Object, long, java.lang.Object)'> (0x0000000713fe9620) 
thrown [s\open\src\hotspot\share\interpreter\linkResolver.cpp, line 805]
Event: 0.824 Thread 0x000002385fa35520 Exception <a 'java/lang/NoSuchMethodError'{0x0000000713ff1a78}: 'java.lang.Object java.lang.invoke.DirectMethodHandle$Holder.invokeStatic(java.lang.Object, long)'> (0x0000000713ff1a78) 
thrown [s\open\src\hotspot\share\interpreter\linkResolver.cpp, line 805]
Event: 0.826 Thread 0x000002385fa35520 Exception <a 'java/lang/NoSuchMethodError'{0x0000000713ff9d00}: 'java.lang.Object java.lang.invoke.DirectMethodHandle$Holder.invokeStaticInit(java.lang.Object, long)'> (0x0000000713ff9d00) 
thrown [s\open\src\hotspot\share\interpreter\linkResolver.cpp, line 805]
Event: 0.845 Thread 0x000002385fa35520 Exception <a 'java/lang/NoSuchMethodError'{0x0000000713c31700}: 'long java.lang.invoke.DirectMethodHandle$Holder.invokeStaticInit(java.lang.Object, long, long, long, long)'> (0x0000000713c31700) 
thrown [s\open\src\hotspot\share\interpreter\linkResolver.cpp, line 805]
Event: 0.848 Thread 0x000002385fa35520 Exception <a 'java/lang/NoSuchMethodError'{0x0000000713c3a128}: 'java.lang.Object java.lang.invoke.DirectMethodHandle$Holder.invokeInterface(java.lang.Object, java.lang.Object, long, long)'> (0x0000000713c3a128) 
thrown [s\open\src\hotspot\share\interpreter\linkResolver.cpp, line 805]
Event: 0.853 Thread 0x000002385fa35520 Exception <a 'java/lang/NoSuchMethodError'{0x0000000713c52a20}: 'void java.lang.invoke.DirectMethodHandle$Holder.invokeStaticInit(java.lang.Object, java.lang.Object, long, java.lang.Object)'> (0x0000000713c52a20) 
thrown [s\open\src\hotspot\share\interpreter\linkResolver.cpp, line 805]
Event: 0.854 Thread 0x000002385fa35520 Exception <a 'java/lang/NoSuchMethodError'{0x0000000713c5b5f0}: 'long java.lang.invoke.DirectMethodHandle$Holder.invokeStatic(java.lang.Object, long, long)'> (0x0000000713c5b5f0) 
thrown [s\open\src\hotspot\share\interpreter\linkResolver.cpp, line 805]
Event: 0.861 Thread 0x000002385fa35520 Exception <a 'java/lang/NoSuchMethodError'{0x0000000713c887c0}: 'java.lang.Object java.lang.invoke.DirectMethodHandle$Holder.newInvokeSpecial(java.lang.Object, int, java.lang.Object)'> (0x0000000713c887c0) 
thrown [s\open\src\hotspot\share\interpreter\linkResolver.cpp, line 805]
Event: 0.968 Thread 0x000002385fa35520 Exception <a 'java/lang/NoSuchMethodError'{0x0000000713df3760}: 'float java.lang.invoke.DelegatingMethodHandle$Holder.reinvoke_L(java.lang.Object, java.lang.Object, java.lang.Object, java.lang.Object, long, long)'> (0x0000000713df3760) 
thrown [s\open\src\hotspot\share\interpreter\linkResolver.cpp, line 805]
Event: 0.978 Thread 0x000002385fa35520 Exception <a 'java/lang/NoSuchMethodError'{0x0000000713a21968}: 'java.lang.Object java.lang.invoke.DirectMethodHandle$Holder.invokeStatic(java.lang.Object, java.lang.Object, java.lang.Object, java.lang.Object, java.lang.Object, long)'> (0x0000000713a21968) 
thrown [s\open\src\hotspot\share\interpreter\linkResolver.cpp, line 805]
Event: 1.568 Thread 0x000002385fa35520 Exception <a 'java/lang/NoSuchMethodError'{0x00000007136a4ce8}: 'java.lang.Object java.lang.invoke.DirectMethodHandle$Holder.invokeStaticInit(java.lang.Object, int, int, int, int)'> (0x00000007136a4ce8) 
thrown [s\open\src\hotspot\share\interpreter\linkResolver.cpp, line 805]
Event: 1.625 Thread 0x000002385fa35520 Exception <a 'java/lang/NoSuchMethodError'{0x00000007137b0468}: 'java.lang.Object java.lang.invoke.DirectMethodHandle$Holder.invokeStaticInit(java.lang.Object, java.lang.Object, int, int, int, int)'> (0x00000007137b0468) 
thrown [s\open\src\hotspot\share\interpreter\linkResolver.cpp, line 805]

VM Operations (20 events):
Event: 13.555 Executing VM operation: get/set locals
Event: 13.555 Executing VM operation: get/set locals done
Event: 13.555 Executing VM operation: get/set locals
Event: 13.556 Executing VM operation: get/set locals done
Event: 13.556 Executing VM operation: get/set locals
Event: 13.556 Executing VM operation: get/set locals done
Event: 13.556 Executing VM operation: get/set locals
Event: 13.556 Executing VM operation: get/set locals done
Event: 13.557 Executing VM operation: get/set locals
Event: 13.557 Executing VM operation: get/set locals done
Event: 13.557 Executing VM operation: get/set locals
Event: 13.557 Executing VM operation: get/set locals done
Event: 13.557 Executing VM operation: get/set locals
Event: 13.557 Executing VM operation: get/set locals done
Event: 13.557 Executing VM operation: get/set locals
Event: 13.557 Executing VM operation: get/set locals done
Event: 13.557 Executing VM operation: get/set locals
Event: 13.557 Executing VM operation: get/set locals done
Event: 13.557 Executing VM operation: get/set locals
Event: 13.557 Executing VM operation: get/set locals done

Memory protections (0 events):
No events

Nmethod flushes (0 events):
No events

Events (20 events):
Event: 0.051 Thread 0x000002385fa35520 Thread added: 0x000002385fbe1010
Event: 0.051 Thread 0x000002385fa35520 Thread added: 0x000002385fbe1da0
Event: 0.051 Thread 0x000002385fa35520 Thread added: 0x000002385fbe2a00
Event: 0.051 Thread 0x000002385fa35520 Thread added: 0x000002385fbe3470
Event: 0.051 Thread 0x000002385fa35520 Thread added: 0x000002385fbe6110
Event: 0.081 Thread 0x000002385fa35520 Thread added: 0x00000238006261d0
Event: 0.101 Thread 0x000002385fbe6110 Thread added: 0x00000238006f2270
Event: 0.110 Thread 0x000002385fa35520 Thread added: 0x00000238007ac8e0
Event: 0.110 Thread 0x000002385fa35520 Thread added: 0x00000238007af670
Event: 0.110 Thread 0x00000238007ac8e0 Thread added: 0x00000238007b01d0
Event: 0.191 Thread 0x000002385fa35520 Thread added: 0x0000023846076a00
Event: 0.319 Thread 0x000002385fbe6110 Thread added: 0x000002384638fd60
Event: 0.630 Thread 0x000002385fa35520 Thread added: 0x0000023846af5750
Event: 0.631 Thread 0x000002385fa35520 Thread added: 0x0000023846af2c70
Event: 0.632 Thread 0x000002385fa35520 Thread added: 0x0000023846af33b0
Event: 0.889 Thread 0x000002384638fd60 Thread exited: 0x000002384638fd60
Event: 1.161 Thread 0x000002385fbe6110 Thread added: 0x0000023846f74650
Event: 1.940 Thread 0x0000023846af2c70 Thread exited: 0x0000023846af2c70
Event: 7.277 Thread 0x0000023846f74650 Thread exited: 0x0000023846f74650
Event: 7.427 Thread 0x00000238006f2270 Thread exited: 0x00000238006f2270


Dynamic libraries:
0x00007ff66c5c0000 - 0x00007ff66c5ce000 	C:\Users\rafik\.jdks\openjdk-24\bin\java.exe
0x00007ff819220000 - 0x00007ff819480000 	C:\WINDOWS\SYSTEM32\ntdll.dll
0x00007ff818180000 - 0x00007ff818247000 	C:\WINDOWS\System32\KERNEL32.DLL
0x00007ff8168b0000 - 0x00007ff816c7a000 	C:\WINDOWS\System32\KERNELBASE.dll
0x00007ff8165f0000 - 0x00007ff81673b000 	C:\WINDOWS\System32\ucrtbase.dll
0x00007ffffd920000 - 0x00007ffffd93b000 	C:\Users\rafik\.jdks\openjdk-24\bin\VCRUNTIME140.dll
0x00007ffffd780000 - 0x00007ffffd796000 	C:\Users\rafik\.jdks\openjdk-24\bin\jli.dll
0x00007ff818290000 - 0x00007ff81845c000 	C:\WINDOWS\System32\USER32.dll
0x00007ff816e70000 - 0x00007ff816e97000 	C:\WINDOWS\System32\win32u.dll
0x00007ff818460000 - 0x00007ff81848a000 	C:\WINDOWS\System32\GDI32.dll
0x00007ff8164b0000 - 0x00007ff8165e1000 	C:\WINDOWS\System32\gdi32full.dll
0x00007ff816400000 - 0x00007ff8164a3000 	C:\WINDOWS\System32\msvcp_win.dll
0x00007ffff5ee0000 - 0x00007ffff6177000 	C:\WINDOWS\WinSxS\amd64_microsoft.windows.common-controls_6595b64144ccf1df_6.0.26100.3624_none_3e086962e3345f24\COMCTL32.dll
0x00007ff818bd0000 - 0x00007ff818c79000 	C:\WINDOWS\System32\msvcrt.dll
0x00007ff818250000 - 0x00007ff81827f000 	C:\WINDOWS\System32\IMM32.DLL
0x00007ffffd900000 - 0x00007ffffd90c000 	C:\Users\rafik\.jdks\openjdk-24\bin\vcruntime140_1.dll
0x00007fffee9c0000 - 0x00007fffeea4e000 	C:\Users\rafik\.jdks\openjdk-24\bin\msvcp140.dll
0x00007fff99100000 - 0x00007fff99ea2000 	C:\Users\rafik\.jdks\openjdk-24\bin\server\jvm.dll
0x00007ff819100000 - 0x00007ff8191b2000 	C:\WINDOWS\System32\ADVAPI32.dll
0x00007ff8184e0000 - 0x00007ff818586000 	C:\WINDOWS\System32\sechost.dll
0x00007ff818c80000 - 0x00007ff818d96000 	C:\WINDOWS\System32\RPCRT4.dll
0x00007ff819080000 - 0x00007ff8190f4000 	C:\WINDOWS\System32\WS2_32.dll
0x00007ff816250000 - 0x00007ff8162ae000 	C:\WINDOWS\SYSTEM32\POWRPROF.dll
0x00007ffffc800000 - 0x00007ffffc80b000 	C:\WINDOWS\SYSTEM32\VERSION.dll
0x00007ff80e390000 - 0x00007ff80e3c6000 	C:\WINDOWS\SYSTEM32\WINMM.dll
0x00007ff816230000 - 0x00007ff816244000 	C:\WINDOWS\SYSTEM32\UMPDC.dll
0x00007ff8151d0000 - 0x00007ff8151ea000 	C:\WINDOWS\SYSTEM32\kernel.appcore.dll
0x00007ffffc850000 - 0x00007ffffc85a000 	C:\Users\rafik\.jdks\openjdk-24\bin\jimage.dll
0x00007ff813190000 - 0x00007ff8133d1000 	C:\WINDOWS\SYSTEM32\DBGHELP.DLL
0x00007ff8175c0000 - 0x00007ff817942000 	C:\WINDOWS\System32\combase.dll
0x00007ff8174e0000 - 0x00007ff8175b6000 	C:\WINDOWS\System32\OLEAUT32.dll
0x00007ffff5950000 - 0x00007ffff5989000 	C:\WINDOWS\SYSTEM32\dbgcore.DLL
0x00007ff816dd0000 - 0x00007ff816e69000 	C:\WINDOWS\System32\bcryptPrimitives.dll
0x00007fffed210000 - 0x00007fffed24c000 	C:\Users\rafik\.jdks\openjdk-24\bin\jdwp.dll
0x00007fff9ff20000 - 0x00007fffa012e000 	C:\Users\rafik\AppData\Local\Temp\idea_libasyncProfiler_dll_temp_folder3\libasyncProfiler.dll
0x00007ffff5900000 - 0x00007ffff590f000 	C:\Users\rafik\.jdks\openjdk-24\bin\instrument.dll
0x00007ffff5930000 - 0x00007ffff594e000 	C:\Users\rafik\.jdks\openjdk-24\bin\java.dll
0x00007ff818590000 - 0x00007ff818726000 	C:\WINDOWS\System32\ole32.dll
0x00007ff8179d0000 - 0x00007ff8180f9000 	C:\WINDOWS\System32\SHELL32.dll
0x00007ff816740000 - 0x00007ff8168a8000 	C:\WINDOWS\System32\wintypes.dll
0x00007fffee7b0000 - 0x00007fffee7c7000 	C:\Users\rafik\.jdks\openjdk-24\bin\zip.dll
0x00007ff814060000 - 0x00007ff8148b2000 	C:\WINDOWS\SYSTEM32\windows.storage.dll
0x00007ff818730000 - 0x00007ff81881d000 	C:\WINDOWS\System32\SHCORE.dll
0x00007ff817950000 - 0x00007ff8179b4000 	C:\WINDOWS\System32\shlwapi.dll
0x00007ff816310000 - 0x00007ff81633f000 	C:\WINDOWS\SYSTEM32\profapi.dll
0x00007fffca510000 - 0x00007fffca5e7000 	C:\Users\rafik\.jdks\openjdk-24\bin\jsvml.dll
0x00007fffef760000 - 0x00007fffef76c000 	C:\Users\rafik\.jdks\openjdk-24\bin\dt_socket.dll
0x00007ff814c30000 - 0x00007ff814c63000 	C:\WINDOWS\SYSTEM32\IPHLPAPI.DLL
0x00007ff8156d0000 - 0x00007ff81573a000 	C:\WINDOWS\system32\mswsock.dll
0x00007fffefb50000 - 0x00007fffefb60000 	C:\Users\rafik\.jdks\openjdk-24\bin\net.dll
0x00007fffed310000 - 0x00007fffed326000 	C:\Users\rafik\.jdks\openjdk-24\bin\nio.dll
0x00007fffef360000 - 0x00007fffef370000 	C:\Users\rafik\.jdks\openjdk-24\bin\verify.dll
0x00007fff9d0c0000 - 0x00007fff9d23e000 	C:\Users\rafik\.jdks\openjdk-24\bin\awt.dll
0x00007ff812ff0000 - 0x00007ff81308c000 	C:\WINDOWS\SYSTEM32\apphelp.dll
0x00007ff8135b0000 - 0x00007ff81365e000 	C:\WINDOWS\system32\uxtheme.dll
0x00007ff818e30000 - 0x00007ff818f8d000 	C:\WINDOWS\System32\MSCTF.dll
0x00007ff8138b0000 - 0x00007ff8138e6000 	C:\WINDOWS\system32\DWMAPI.DLL
0x00007fffc5ce0000 - 0x00007fffc5d67000 	C:\Users\rafik\.jdks\openjdk-24\bin\freetype.dll
0x00007fffa02f0000 - 0x00007fffa03c7000 	C:\Users\rafik\.jdks\openjdk-24\bin\fontmanager.dll
0x00007fffcbaf0000 - 0x00007fffcbbfc000 	C:\WINDOWS\system32\opengl32.dll
0x00007ffff4420000 - 0x00007ffff444d000 	C:\WINDOWS\SYSTEM32\GLU32.dll
0x00007ff813820000 - 0x00007ff813867000 	C:\WINDOWS\SYSTEM32\dxcore.dll
0x00007ff815a80000 - 0x00007ff815a9c000 	C:\WINDOWS\SYSTEM32\CRYPTSP.dll
0x00007ff815130000 - 0x00007ff81516a000 	C:\WINDOWS\system32\rsaenh.dll
0x00007ff815770000 - 0x00007ff81579b000 	C:\WINDOWS\SYSTEM32\USERENV.dll
0x00007ff8162e0000 - 0x00007ff816306000 	C:\WINDOWS\SYSTEM32\bcrypt.dll
0x00007ff815a60000 - 0x00007ff815a6c000 	C:\WINDOWS\SYSTEM32\CRYPTBASE.dll
0x00007ff819070000 - 0x00007ff81907a000 	C:\WINDOWS\System32\NSI.dll

dbghelp: loaded successfully - version: 4.0.5 - missing functions: none
symbol engine: initialized successfully - sym options: 0x614 - pdb path: .;C:\Users\rafik\.jdks\openjdk-24\bin;C:\WINDOWS\SYSTEM32;C:\WINDOWS\WinSxS\amd64_microsoft.windows.common-controls_6595b64144ccf1df_6.0.26100.3624_none_3e086962e3345f24;C:\Users\rafik\.jdks\openjdk-24\bin\server;C:\Users\rafik\AppData\Local\Temp\idea_libasyncProfiler_dll_temp_folder3

VM Arguments:
jvm_args: -agentlib:jdwp=transport=dt_socket,address=127.0.0.1:61864,suspend=y,server=n -agentpath:C:\Users\rafik\AppData\Local\Temp\idea_libasyncProfiler_dll_temp_folder3\libasyncProfiler.dll=version,jfr,event=wall,interval=10ms,cstack=no,file=C:\Users\rafik\IdeaSnapshots\Zad1_2025_05_14_154118.jfr,dbghelppath=C:\Users\rafik\AppData\Local\Temp\idea_dbghelp_dll_temp_folder\dbghelp.dll,log=C:\Users\rafik\AppData\Local\Temp\Zad1_2025_05_14_154118.jfr.log.txt,logLevel=DEBUG -javaagent:C:\Users\rafik\AppData\Local\JetBrains\IntelliJIdea2024.3\captureAgent\debugger-agent.jar -Dkotlinx.coroutines.debug.enable.creation.stack.trace=false -Ddebugger.agent.enable.coroutines=true -Dkotlinx.coroutines.debug.enable.flows.stack.trace=true -Dkotlinx.coroutines.debug.enable.mutable.state.flows.stack.trace=true -Dfile.encoding=UTF-8 -Dsun.stdout.encoding=UTF-8 -Dsun.stderr.encoding=UTF-8 
java_command: Lab8.Zad1
java_class_path (initial): C:\Users\rafik\Desktop\LabyTD\target\classes;C:\Users\rafik\.m2\repository\jfree\jfreechart\1.0.13\jfreechart-1.0.13.jar;C:\Users\rafik\.m2\repository\jfree\jcommon\1.0.16\jcommon-1.0.16.jar;C:\Users\rafik\.m2\repository\org\apache\commons\commons-math3\3.6.1\commons-math3-3.6.1.jar;C:\Program Files\JetBrains\IntelliJ IDEA 2024.3.5\lib\idea_rt.jar
Launcher Type: SUN_STANDARD

[Global flags]
     intx CICompilerCount                          = 4                                         {product} {ergonomic}
     uint ConcGCThreads                            = 3                                         {product} {ergonomic}
     uint G1ConcRefinementThreads                  = 10                                        {product} {ergonomic}
   size_t G1HeapRegionSize                         = 2097152                                   {product} {ergonomic}
   size_t InitialHeapSize                          = 264241152                                 {product} {ergonomic}
   size_t MarkStackSize                            = 4194304                                   {product} {ergonomic}
   size_t MarkStackSizeMax                         = 536870912                                 {product} {ergonomic}
   size_t MaxHeapSize                              = 4204789760                                {product} {ergonomic}
   size_t MaxNewSize                               = 2522873856                                {product} {ergonomic}
   size_t MinHeapDeltaBytes                        = 2097152                                   {product} {ergonomic}
   size_t MinHeapSize                              = 8388608                                   {product} {ergonomic}
    uintx NonNMethodCodeHeapSize                   = 5832704                                {pd product} {ergonomic}
    uintx NonProfiledCodeHeapSize                  = 122945536                              {pd product} {ergonomic}
    uintx ProfiledCodeHeapSize                     = 122880000                              {pd product} {ergonomic}
    uintx ReservedCodeCacheSize                    = 251658240                              {pd product} {ergonomic}
     bool SegmentedCodeCache                       = true                                      {product} {ergonomic}
   size_t SoftMaxHeapSize                          = 4204789760                             {manageable} {ergonomic}
     bool UseCompressedOops                        = true                           {product lp64_product} {ergonomic}
     bool UseG1GC                                  = true                                      {product} {ergonomic}
     bool UseLargePagesIndividualAllocation        = false                                  {pd product} {ergonomic}

Logging:
Log output configuration:
 #0: stdout all=warning uptime,level,tags foldmultilines=false
 #1: stderr all=off uptime,level,tags foldmultilines=false

Environment Variables:
PATH=C:\WINDOWS\system32;C:\WINDOWS;C:\WINDOWS\System32\Wbem;C:\WINDOWS\System32\WindowsPowerShell\v1.0\;C:\WINDOWS\System32\OpenSSH\;C:\Program Files\dotnet\;C:\Program Files\PuTTY\;C:\Program Files\Microsoft VS Code\bin;C:\Program Files\Git\cmd;C:\Program Files\WireGuard\;C:\Users\rafik\AppData\Local\Programs\Python\Python313\Scripts\;C:\Users\rafik\AppData\Local\Programs\Python\Python313\;C:\Users\rafik\AppData\Local\Microsoft\WindowsApps;C:\Users\rafik\.dotnet\tools;C:\Program Files\Graphviz\bin;C:\Users\rafik\AppData\Local\Programs\MiKTeX\miktex\bin\x64\
USERNAME=rafik
OS=Windows_NT
PROCESSOR_IDENTIFIER=Intel64 Family 6 Model 186 Stepping 3, GenuineIntel
TMP=C:\Users\rafik\AppData\Local\Temp
TEMP=C:\Users\rafik\AppData\Local\Temp




Periodic native trim disabled

---------------  S Y S T E M  ---------------

OS:
 Windows 11 , 64 bit Build 26100 (10.0.26100.3775)
OS uptime: 1 days 20:07 hours
Hyper-V role detected

CPU: total 12 (initial active 12) (6 cores per cpu, 2 threads per core) family 6 model 186 stepping 3 microcode 0x4123, cx8, cmov, fxsr, ht, mmx, 3dnowpref, sse, sse2, sse3, ssse3, sse4.1, sse4.2, popcnt, lzcnt, tsc, tscinvbit, avx, avx2, aes, erms, clmul, bmi1, bmi2, adx, sha, fma, vzeroupper, clflush, clflushopt, clwb, hv, serialize, rdtscp, rdpid, fsrm, gfni, f16c, cet_ibt, cet_ss
Processor Information for processor 0
  Max Mhz: 1800, Current Mhz: 1800, Mhz Limit: 1800
Processor Information for processor 1
  Max Mhz: 1800, Current Mhz: 1800, Mhz Limit: 1800
Processor Information for processor 2
  Max Mhz: 1800, Current Mhz: 1800, Mhz Limit: 1800
Processor Information for processor 3
  Max Mhz: 1800, Current Mhz: 1800, Mhz Limit: 1800
Processor Information for processor 4
  Max Mhz: 1800, Current Mhz: 1800, Mhz Limit: 1800
Processor Information for processor 5
  Max Mhz: 1800, Current Mhz: 1523, Mhz Limit: 1800
Processor Information for processor 6
  Max Mhz: 1800, Current Mhz: 1523, Mhz Limit: 1800
Processor Information for processor 7
  Max Mhz: 1800, Current Mhz: 1523, Mhz Limit: 1800
Processor Information for processor 8
  Max Mhz: 1800, Current Mhz: 1800, Mhz Limit: 1800
Processor Information for processor 9
  Max Mhz: 1800, Current Mhz: 1523, Mhz Limit: 1800
Processor Information for processor 10
  Max Mhz: 1800, Current Mhz: 1523, Mhz Limit: 1800
Processor Information for processor 11
  Max Mhz: 1800, Current Mhz: 1800, Mhz Limit: 1800

Memory: 4k page, system-wide physical 16036M (2863M free)
TotalPageFile size 23460M (AvailPageFile size 2340M)
current process WorkingSet (physical memory assigned to process): 118M, peak: 145M
current process commit charge ("private bytes"): 384M, peak: 417M

vm_info: OpenJDK 64-Bit Server VM (24+36-3646) for windows-amd64 JRE (24+36-3646), built on 2025-02-06T00:20:43Z with MS VC++ 17.6 (VS2022)

END.
